#
# There is insufficient memory for the Java Runtime Environment to continue.
# Native memory allocation (malloc) failed to allocate 1100304 bytes for Chunk::new
# Possible reasons:
#   The system is out of physical RAM or swap space
#   The process is running with CompressedOops enabled, and the Java Heap may be blocking the growth of the native heap
# Possible solutions:
#   Reduce memory load on the system
#   Increase physical memory or swap space
#   Check if swap backing store is full
#   Decrease Java heap size (-Xmx/-Xms)
#   Decrease number of Java threads
#   Decrease Java thread stack sizes (-Xss)
#   Set larger code cache with -XX:ReservedCodeCacheSize=
#   JVM is running with Unscaled Compressed Oops mode in which the Java heap is
#     placed in the first 4GB address space. The Java Heap base address is the
#     maximum limit for the native heap growth. Please use -XX:HeapBaseMinAddress
#     to set the Java Heap base and to place the Java Heap above 4GB virtual address.
# This output file may be truncated or incomplete.
#
#  Out of Memory Error (allocation.cpp:389), pid=15072, tid=0x0000000000001e94
#
# JRE version: OpenJDK Runtime Environment (8.0_242-b01) (build 1.8.0_242-release-1644-b01)
# Java VM: OpenJDK 64-Bit Server VM (25.242-b01 mixed mode windows-amd64 compressed oops)
# Failed to write core dump. Minidumps are not enabled by default on client versions of Windows
#

---------------  T H R E A D  ---------------

Current thread (0x0000000019d8a000):  JavaThread "C2 CompilerThread0" daemon [_thread_in_native, id=7828, stack(0x000000001b6f0000,0x000000001b7f0000)]

Stack: [0x000000001b6f0000,0x000000001b7f0000]
[error occurred during error reporting (printing stack bounds), id 0xc0000005]

Native frames: (J=compiled Java code, j=interpreted, Vv=VM code, C=native code)


Current CompileTask:
C2:  25564 3384       4       groovy.lang.MetaClassImpl$1MOPIter::methodNameAction (325 bytes)


---------------  P R O C E S S  ---------------

Java Threads: ( => current thread )
  0x000000002221c800 JavaThread "Cache worker for Build Output Cleanup Cache (G:\androidCode\QQ\.gradle\buildOutputCleanup)" [_thread_blocked, id=16120, stack(0x0000000025e90000,0x0000000025f90000)]
  0x0000000022211000 JavaThread "Cache worker for file content cache (C:\Users\Administrator\.gradle\caches\6.5\fileContent)" [_thread_blocked, id=10712, stack(0x0000000025990000,0x0000000025a90000)]
  0x0000000022214000 JavaThread "Cache worker for execution history cache (C:\Users\Administrator\.gradle\caches\6.5\executionHistory)" [_thread_blocked, id=5908, stack(0x0000000024fe0000,0x00000000250e0000)]
  0x0000000022215000 JavaThread "Cache worker for cache directory md-rule (C:\Users\Administrator\.gradle\caches\6.5\md-rule)" [_thread_blocked, id=11592, stack(0x0000000024ee0000,0x0000000024fe0000)]
  0x0000000022213800 JavaThread "Cache worker for cache directory md-supplier (C:\Users\Administrator\.gradle\caches\6.5\md-supplier)" [_thread_blocked, id=8436, stack(0x0000000024de0000,0x0000000024ee0000)]
  0x000000001c7ad800 JavaThread "Cache worker for checksums cache (G:\androidCode\QQ\.gradle\checksums)" [_thread_blocked, id=2836, stack(0x0000000024ce0000,0x0000000024de0000)]
  0x000000001c7ac000 JavaThread "jar transforms Thread 25" [_thread_blocked, id=15184, stack(0x0000000024be0000,0x0000000024ce0000)]
  0x000000001c7b2000 JavaThread "jar transforms Thread 24" [_thread_blocked, id=8624, stack(0x0000000024ae0000,0x0000000024be0000)]
  0x000000001c7ae000 JavaThread "jar transforms Thread 23" [_thread_blocked, id=15872, stack(0x00000000249e0000,0x0000000024ae0000)]
  0x000000001c7af800 JavaThread "jar transforms Thread 22" [_thread_blocked, id=14320, stack(0x00000000248e0000,0x00000000249e0000)]
  0x000000001c7ac800 JavaThread "jar transforms Thread 21" [_thread_blocked, id=13412, stack(0x00000000247e0000,0x00000000248e0000)]
  0x000000001c7b0800 JavaThread "jar transforms Thread 20" [_thread_blocked, id=9252, stack(0x00000000246e0000,0x00000000247e0000)]
  0x000000001c7b1000 JavaThread "jar transforms Thread 19" [_thread_blocked, id=17300, stack(0x00000000245e0000,0x00000000246e0000)]
  0x000000001c7af000 JavaThread "jar transforms Thread 18" [_thread_blocked, id=14812, stack(0x00000000244e0000,0x00000000245e0000)]
  0x000000001c7a4800 JavaThread "jar transforms Thread 17" [_thread_blocked, id=13664, stack(0x00000000243e0000,0x00000000244e0000)]
  0x000000001c7ab000 JavaThread "jar transforms Thread 16" [_thread_blocked, id=7472, stack(0x00000000242e0000,0x00000000243e0000)]
  0x000000001c7aa800 JavaThread "jar transforms Thread 15" [_thread_blocked, id=12484, stack(0x00000000241e0000,0x00000000242e0000)]
  0x000000001c7a9800 JavaThread "jar transforms Thread 14" [_thread_blocked, id=15076, stack(0x00000000240e0000,0x00000000241e0000)]
  0x000000001c7a7800 JavaThread "jar transforms Thread 13" [_thread_blocked, id=10740, stack(0x0000000023fe0000,0x00000000240e0000)]
  0x000000001c7a3000 JavaThread "jar transforms Thread 12" [_thread_blocked, id=6204, stack(0x0000000023ee0000,0x0000000023fe0000)]
  0x000000001c7a3800 JavaThread "jar transforms Thread 11" [_thread_blocked, id=1676, stack(0x0000000023de0000,0x0000000023ee0000)]
  0x000000001c7a5000 JavaThread "jar transforms Thread 10" [_thread_blocked, id=17036, stack(0x0000000023ce0000,0x0000000023de0000)]
  0x000000001c7a9000 JavaThread "jar transforms Thread 9" [_thread_blocked, id=6280, stack(0x0000000023be0000,0x0000000023ce0000)]
  0x000000001c7a6800 JavaThread "jar transforms Thread 8" [_thread_blocked, id=16380, stack(0x0000000023ae0000,0x0000000023be0000)]
  0x000000001c7a8000 JavaThread "jar transforms Thread 7" [_thread_blocked, id=6576, stack(0x00000000239e0000,0x0000000023ae0000)]
  0x000000001c7a6000 JavaThread "jar transforms Thread 6" [_thread_blocked, id=17240, stack(0x00000000238e0000,0x00000000239e0000)]
  0x000000001d391800 JavaThread "jar transforms Thread 5" [_thread_blocked, id=1520, stack(0x00000000237e0000,0x00000000238e0000)]
  0x000000001d390800 JavaThread "jar transforms Thread 4" [_thread_blocked, id=2756, stack(0x00000000236e0000,0x00000000237e0000)]
  0x000000001d390000 JavaThread "jar transforms Thread 3" [_thread_blocked, id=13032, stack(0x00000000235e0000,0x00000000236e0000)]
  0x000000001d38e800 JavaThread "jar transforms Thread 2" [_thread_blocked, id=12356, stack(0x00000000234e0000,0x00000000235e0000)]
  0x000000001d38d800 JavaThread "jar transforms" [_thread_blocked, id=15680, stack(0x00000000233e0000,0x00000000234e0000)]
  0x000000001d38f000 JavaThread "Cache worker for file hash cache (G:\androidCode\QQ\.gradle\6.5\fileHashes)" [_thread_blocked, id=15980, stack(0x00000000232e0000,0x00000000233e0000)]
  0x000000001d38a800 JavaThread "File lock release action executor" [_thread_blocked, id=16716, stack(0x00000000231e0000,0x00000000232e0000)]
  0x000000001d38b800 JavaThread "Cache worker for file hash cache (C:\Users\Administrator\.gradle\caches\6.5\fileHashes)" [_thread_blocked, id=13836, stack(0x0000000022100000,0x0000000022200000)]
  0x000000001d38c000 JavaThread "File lock request listener" [_thread_in_native, id=13160, stack(0x0000000021a90000,0x0000000021b90000)]
  0x000000001d38d000 JavaThread "Cache worker for journal cache (C:\Users\Administrator\.gradle\caches\journal-1)" [_thread_blocked, id=2704, stack(0x00000000215d0000,0x00000000216d0000)]
  0x000000001c8fa800 JavaThread "Thread-9" [_thread_blocked, id=4524, stack(0x000000001e360000,0x000000001e460000)]
  0x000000001ca4a800 JavaThread "Stdin handler" [_thread_blocked, id=8724, stack(0x000000001e260000,0x000000001e360000)]
  0x000000001b2c6800 JavaThread "Asynchronous log dispatcher for DefaultDaemonConnection: socket connection from /127.0.0.1:62195 to /127.0.0.1:62196" [_thread_blocked, id=12960, stack(0x000000001e160000,0x000000001e260000)]
  0x000000001caea800 JavaThread "Daemon worker" [_thread_in_Java, id=14712, stack(0x000000001e060000,0x000000001e160000)]
  0x000000001caea000 JavaThread "Cancel handler" [_thread_blocked, id=12424, stack(0x000000001df60000,0x000000001e060000)]
  0x000000001cbe5800 JavaThread "Handler for socket connection from /127.0.0.1:62195 to /127.0.0.1:62196" [_thread_in_native, id=9928, stack(0x000000001de60000,0x000000001df60000)]
  0x000000001c597000 JavaThread "Daemon" [_thread_blocked, id=12636, stack(0x000000001dd60000,0x000000001de60000)]
  0x000000001c582800 JavaThread "Daemon periodic checks" [_thread_blocked, id=13232, stack(0x000000001da60000,0x000000001db60000)]
  0x000000001c581000 JavaThread "Incoming local TCP Connector on port 62195" [_thread_in_native, id=6152, stack(0x000000001d8c0000,0x000000001d9c0000)]
  0x000000001b1d3800 JavaThread "Daemon health stats" [_thread_blocked, id=17380, stack(0x000000001d5c0000,0x000000001d6c0000)]
  0x000000001b15c800 JavaThread "Service Thread" daemon [_thread_blocked, id=16432, stack(0x000000001b9f0000,0x000000001baf0000)]
  0x000000001b14a000 JavaThread "C1 CompilerThread2" daemon [_thread_in_vm, id=3780, stack(0x000000001b8f0000,0x000000001b9f0000)]
  0x0000000019d8e000 JavaThread "C2 CompilerThread1" daemon [_thread_blocked, id=17056, stack(0x000000001b7f0000,0x000000001b8f0000)]
=>0x0000000019d8a000 JavaThread "C2 CompilerThread0" daemon [_thread_in_native, id=7828, stack(0x000000001b6f0000,0x000000001b7f0000)]
  0x0000000019d3f000 JavaThread "Attach Listener" daemon [_thread_blocked, id=16932, stack(0x000000001b5f0000,0x000000001b6f0000)]
  0x0000000019d3e000 JavaThread "Signal Dispatcher" daemon [_thread_blocked, id=4112, stack(0x000000001b4f0000,0x000000001b5f0000)]
  0x0000000005105800 JavaThread "Finalizer" daemon [_thread_blocked, id=16076, stack(0x000000001af90000,0x000000001b090000)]
  0x0000000005102000 JavaThread "Reference Handler" daemon [_thread_blocked, id=15904, stack(0x000000001ae90000,0x000000001af90000)]
  0x000000000304e000 JavaThread "main" [_thread_blocked, id=8768, stack(0x0000000004b50000,0x0000000004c50000)]

Other Threads:
  0x0000000019cf7000 VMThread [stack: 0x000000001ad90000,0x000000001ae90000] [id=14872]
  0x000000001b14e000 WatcherThread [stack: 0x000000001baf0000,0x000000001bbf0000] [id=8080]

VM state:not at safepoint (normal execution)

VM Mutex/Monitor currently owned by a thread: None

heap address: 0x0000000080000000, size: 2048 MB, Compressed Oops mode: 32-bit
Narrow klass base: 0x0000000000000000, Narrow klass shift: 3
Compressed class space size: 1073741824 Address: 0x0000000100000000

Heap:
 PSYoungGen      total 116224K, used 92228K [0x00000000d5580000, 0x00000000df800000, 0x0000000100000000)
  eden space 104960K, 87% used [0x00000000d5580000,0x00000000daf91120,0x00000000dbc00000)
  from space 11264K, 0% used [0x00000000dbc00000,0x00000000dbc00000,0x00000000dc700000)
  to   space 11264K, 0% used [0x00000000ded00000,0x00000000ded00000,0x00000000df800000)
 ParOldGen       total 58368K, used 13906K [0x0000000080000000, 0x0000000083900000, 0x00000000d5580000)
  object space 58368K, 23% used [0x0000000080000000,0x0000000080d94930,0x0000000083900000)
 Metaspace       used 38223K, capacity 39988K, committed 40280K, reserved 1083392K
  class space    used 5264K, capacity 5601K, committed 5720K, reserved 1048576K

Card table byte_map: [0x00000000144d0000,0x00000000148e0000] byte_map_base: 0x00000000140d0000

Marking Bits: (ParMarkBitMap*) 0x000000006a8ef030
 Begin Bits: [0x0000000014f90000, 0x0000000016f90000)
 End Bits:   [0x0000000016f90000, 0x0000000018f90000)

Polling page: 0x0000000003050000

CodeCache: size=245760Kb used=11114Kb max_used=11114Kb free=234645Kb
 bounds [0x0000000005110000, 0x0000000005c00000, 0x0000000014110000]
 total_blobs=3772 nmethods=3061 adapters=623
 compilation: enabled

Compilation events (10 events):
Event: 25.414 Thread 0x000000001b14a000 3431       3       com.google.common.collect.LinkedHashMultimap$ValueEntry::<init> (18 bytes)
Event: 25.415 Thread 0x000000001b14a000 nmethod 3431 0x000000000581aa90 code [0x000000000581ac00, 0x000000000581aeb0]
Event: 25.415 Thread 0x000000001b14a000 3432       3       com.google.common.collect.ImmutableEntry::<init> (15 bytes)
Event: 25.415 Thread 0x000000001b14a000 nmethod 3432 0x000000000581a610 code [0x000000000581a780, 0x000000000581a9b0]
Event: 25.427 Thread 0x000000001b14a000 3433       3       jdk.internal.org.objectweb.asm.MethodVisitor::visitFieldInsn (20 bytes)
Event: 25.428 Thread 0x000000001b14a000 nmethod 3433 0x0000000005819b90 code [0x0000000005819d00, 0x0000000005819f68]
Event: 25.438 Thread 0x000000001b14a000 3439       3       java.lang.invoke.LambdaForm::lastUseIndex (76 bytes)
Event: 25.439 Thread 0x000000001b14a000 nmethod 3439 0x00000000058190d0 code [0x0000000005819260, 0x0000000005819628]
Event: 25.445 Thread 0x000000001b14a000 3440       3       jdk.internal.org.objectweb.asm.FieldWriter::put (472 bytes)
Event: 25.447 Thread 0x000000001b14a000 nmethod 3440 0x0000000005817010 code [0x00000000058173c0, 0x0000000005818798]

GC Heap History (10 events):
Event: 13.186 GC heap before
{Heap before GC invocations=7 (full 1):
 PSYoungGen      total 76288K, used 8477K [0x00000000d5580000, 0x00000000dab80000, 0x0000000100000000)
  eden space 66048K, 0% used [0x00000000d5580000,0x00000000d5580000,0x00000000d9600000)
  from space 10240K, 82% used [0x00000000da080000,0x00000000da8c77b0,0x00000000daa80000)
  to   space 10752K, 0% used [0x00000000d9600000,0x00000000d9600000,0x00000000da080000)
 ParOldGen       total 87552K, used 6979K [0x0000000080000000, 0x0000000085580000, 0x00000000d5580000)
  object space 87552K, 7% used [0x0000000080000000,0x00000000806d0ce8,0x0000000085580000)
 Metaspace       used 20480K, capacity 21204K, committed 21248K, reserved 1067008K
  class space    used 2847K, capacity 3032K, committed 3072K, reserved 1048576K
Event: 13.261 GC heap after
Heap after GC invocations=7 (full 1):
 PSYoungGen      total 76288K, used 0K [0x00000000d5580000, 0x00000000dab80000, 0x0000000100000000)
  eden space 66048K, 0% used [0x00000000d5580000,0x00000000d5580000,0x00000000d9600000)
  from space 10240K, 0% used [0x00000000da080000,0x00000000da080000,0x00000000daa80000)
  to   space 10752K, 0% used [0x00000000d9600000,0x00000000d9600000,0x00000000da080000)
 ParOldGen       total 58368K, used 9357K [0x0000000080000000, 0x0000000083900000, 0x00000000d5580000)
  object space 58368K, 16% used [0x0000000080000000,0x0000000080923460,0x0000000083900000)
 Metaspace       used 20480K, capacity 21204K, committed 21248K, reserved 1067008K
  class space    used 2847K, capacity 3032K, committed 3072K, reserved 1048576K
}
Event: 17.386 GC heap before
{Heap before GC invocations=8 (full 1):
 PSYoungGen      total 76288K, used 66019K [0x00000000d5580000, 0x00000000dab80000, 0x0000000100000000)
  eden space 66048K, 99% used [0x00000000d5580000,0x00000000d95f8c58,0x00000000d9600000)
  from space 10240K, 0% used [0x00000000da080000,0x00000000da080000,0x00000000daa80000)
  to   space 10752K, 0% used [0x00000000d9600000,0x00000000d9600000,0x00000000da080000)
 ParOldGen       total 58368K, used 9357K [0x0000000080000000, 0x0000000083900000, 0x00000000d5580000)
  object space 58368K, 16% used [0x0000000080000000,0x0000000080923460,0x0000000083900000)
 Metaspace       used 25100K, capacity 26130K, committed 26496K, reserved 1071104K
  class space    used 3583K, capacity 3855K, committed 3968K, reserved 1048576K
Event: 17.394 GC heap after
Heap after GC invocations=8 (full 1):
 PSYoungGen      total 76800K, used 5825K [0x00000000d5580000, 0x00000000dd100000, 0x0000000100000000)
  eden space 66048K, 0% used [0x00000000d5580000,0x00000000d5580000,0x00000000d9600000)
  from space 10752K, 54% used [0x00000000d9600000,0x00000000d9bb0608,0x00000000da080000)
  to   space 10240K, 0% used [0x00000000dc700000,0x00000000dc700000,0x00000000dd100000)
 ParOldGen       total 58368K, used 9365K [0x0000000080000000, 0x0000000083900000, 0x00000000d5580000)
  object space 58368K, 16% used [0x0000000080000000,0x0000000080925460,0x0000000083900000)
 Metaspace       used 25100K, capacity 26130K, committed 26496K, reserved 1071104K
  class space    used 3583K, capacity 3855K, committed 3968K, reserved 1048576K
}
Event: 19.967 GC heap before
{Heap before GC invocations=9 (full 1):
 PSYoungGen      total 76800K, used 71873K [0x00000000d5580000, 0x00000000dd100000, 0x0000000100000000)
  eden space 66048K, 100% used [0x00000000d5580000,0x00000000d9600000,0x00000000d9600000)
  from space 10752K, 54% used [0x00000000d9600000,0x00000000d9bb0608,0x00000000da080000)
  to   space 10240K, 0% used [0x00000000dc700000,0x00000000dc700000,0x00000000dd100000)
 ParOldGen       total 58368K, used 9365K [0x0000000080000000, 0x0000000083900000, 0x00000000d5580000)
  object space 58368K, 16% used [0x0000000080000000,0x0000000080925460,0x0000000083900000)
 Metaspace       used 33202K, capacity 34470K, committed 34816K, reserved 1079296K
  class space    used 4476K, capacity 4782K, committed 4864K, reserved 1048576K
Event: 20.015 GC heap after
Heap after GC invocations=9 (full 1):
 PSYoungGen      total 115200K, used 9798K [0x00000000d5580000, 0x00000000dd700000, 0x0000000100000000)
  eden space 104960K, 0% used [0x00000000d5580000,0x00000000d5580000,0x00000000dbc00000)
  from space 10240K, 95% used [0x00000000dc700000,0x00000000dd0919d0,0x00000000dd100000)
  to   space 11264K, 0% used [0x00000000dbc00000,0x00000000dbc00000,0x00000000dc700000)
 ParOldGen       total 58368K, used 9373K [0x0000000080000000, 0x0000000083900000, 0x00000000d5580000)
  object space 58368K, 16% used [0x0000000080000000,0x0000000080927460,0x0000000083900000)
 Metaspace       used 33202K, capacity 34470K, committed 34816K, reserved 1079296K
  class space    used 4476K, capacity 4782K, committed 4864K, reserved 1048576K
}
Event: 23.009 GC heap before
{Heap before GC invocations=10 (full 1):
 PSYoungGen      total 115200K, used 33124K [0x00000000d5580000, 0x00000000dd700000, 0x0000000100000000)
  eden space 104960K, 22% used [0x00000000d5580000,0x00000000d6c47738,0x00000000dbc00000)
  from space 10240K, 95% used [0x00000000dc700000,0x00000000dd0919d0,0x00000000dd100000)
  to   space 11264K, 0% used [0x00000000dbc00000,0x00000000dbc00000,0x00000000dc700000)
 ParOldGen       total 58368K, used 9373K [0x0000000080000000, 0x0000000083900000, 0x00000000d5580000)
  object space 58368K, 16% used [0x0000000080000000,0x0000000080927460,0x0000000083900000)
 Metaspace       used 34036K, capacity 35346K, committed 35416K, reserved 1079296K
  class space    used 4580K, capacity 4912K, committed 4952K, reserved 1048576K
Event: 23.018 GC heap after
Heap after GC invocations=10 (full 1):
 PSYoungGen      total 116224K, used 7374K [0x00000000d5580000, 0x00000000df800000, 0x0000000100000000)
  eden space 104960K, 0% used [0x00000000d5580000,0x00000000d5580000,0x00000000dbc00000)
  from space 11264K, 65% used [0x00000000dbc00000,0x00000000dc333958,0x00000000dc700000)
  to   space 11264K, 0% used [0x00000000ded00000,0x00000000ded00000,0x00000000df800000)
 ParOldGen       total 58368K, used 9381K [0x0000000080000000, 0x0000000083900000, 0x00000000d5580000)
  object space 58368K, 16% used [0x0000000080000000,0x0000000080929460,0x0000000083900000)
 Metaspace       used 34036K, capacity 35346K, committed 35416K, reserved 1079296K
  class space    used 4580K, capacity 4912K, committed 4952K, reserved 1048576K
}
Event: 23.018 GC heap before
{Heap before GC invocations=11 (full 2):
 PSYoungGen      total 116224K, used 7374K [0x00000000d5580000, 0x00000000df800000, 0x0000000100000000)
  eden space 104960K, 0% used [0x00000000d5580000,0x00000000d5580000,0x00000000dbc00000)
  from space 11264K, 65% used [0x00000000dbc00000,0x00000000dc333958,0x00000000dc700000)
  to   space 11264K, 0% used [0x00000000ded00000,0x00000000ded00000,0x00000000df800000)
 ParOldGen       total 58368K, used 9381K [0x0000000080000000, 0x0000000083900000, 0x00000000d5580000)
  object space 58368K, 16% used [0x0000000080000000,0x0000000080929460,0x0000000083900000)
 Metaspace       used 34036K, capacity 35346K, committed 35416K, reserved 1079296K
  class space    used 4580K, capacity 4912K, committed 4952K, reserved 1048576K
Event: 23.097 GC heap after
Heap after GC invocations=11 (full 2):
 PSYoungGen      total 116224K, used 0K [0x00000000d5580000, 0x00000000df800000, 0x0000000100000000)
  eden space 104960K, 0% used [0x00000000d5580000,0x00000000d5580000,0x00000000dbc00000)
  from space 11264K, 0% used [0x00000000dbc00000,0x00000000dbc00000,0x00000000dc700000)
  to   space 11264K, 0% used [0x00000000ded00000,0x00000000ded00000,0x00000000df800000)
 ParOldGen       total 58368K, used 13906K [0x0000000080000000, 0x0000000083900000, 0x00000000d5580000)
  object space 58368K, 23% used [0x0000000080000000,0x0000000080d94930,0x0000000083900000)
 Metaspace       used 34036K, capacity 35346K, committed 35416K, reserved 1079296K
  class space    used 4580K, capacity 4912K, committed 4952K, reserved 1048576K
}

Deoptimization events (10 events):
Event: 23.997 Thread 0x000000001caea800 Uncommon trap: reason=unstable_if action=reinterpret pc=0x0000000005a59364 method=java.util.HashMap.getNode(ILjava/lang/Object;)Ljava/util/HashMap$Node; @ 53
Event: 24.052 Thread 0x000000001caea800 Uncommon trap: reason=unstable_if action=reinterpret pc=0x000000000573e044 method=java.util.HashMap.getNode(ILjava/lang/Object;)Ljava/util/HashMap$Node; @ 53
Event: 24.152 Thread 0x000000001caea800 Uncommon trap: reason=unstable_if action=reinterpret pc=0x00000000056c85c0 method=org.objectweb.asm.ByteVector.putShort(I)Lorg/objectweb/asm/ByteVector; @ 13
Event: 24.154 Thread 0x000000001caea800 Uncommon trap: reason=unstable_if action=reinterpret pc=0x0000000005349780 method=java.net.URLStreamHandler.sameFile(Ljava/net/URL;Ljava/net/URL;)Z @ 63
Event: 24.160 Thread 0x000000001caea800 Uncommon trap: reason=unstable_if action=reinterpret pc=0x00000000056ada6c method=java.net.URLStreamHandler.sameFile(Ljava/net/URL;Ljava/net/URL;)Z @ 63
Event: 24.392 Thread 0x000000001caea800 Uncommon trap: reason=unstable_if action=reinterpret pc=0x0000000005b93ca4 method=java.lang.ClassLoader.checkCerts(Ljava/lang/String;Ljava/security/CodeSource;)V @ 29
Event: 24.418 Thread 0x000000001caea800 Uncommon trap: reason=unstable_if action=reinterpret pc=0x0000000005bc0f24 method=java.util.WeakHashMap.put(Ljava/lang/Object;Ljava/lang/Object;)Ljava/lang/Object; @ 59
Event: 24.458 Thread 0x000000001caea800 Uncommon trap: reason=unstable_if action=reinterpret pc=0x0000000005a1c278 method=org.gradle.internal.reflect.PropertyAccessorType.isGetGetterName(Ljava/lang/String;)Z @ 14
Event: 24.498 Thread 0x000000001caea800 Uncommon trap: reason=unstable_if action=reinterpret pc=0x00000000056b3768 method=java.net.URLStreamHandler.sameFile(Ljava/net/URL;Ljava/net/URL;)Z @ 63
Event: 25.191 Thread 0x000000001caea800 Uncommon trap: reason=unstable_if action=reinterpret pc=0x00000000057c8ea0 method=java.net.URI.match(CJJ)Z @ 45

Classes redefined (0 events):
No events

Internal exceptions (10 events):
Event: 24.793 Thread 0x000000001caea800 Exception <a 'java/lang/ClassNotFoundException': org/gradle/api/internal/artifacts/DefaultArtifactRepositoryContainerBeanInfo> (0x00000000d9358ed0) thrown at [C:\src\AOSP-openjdk-git\hotspot\src\share\vm\classfile\systemDictionary.cpp, line 210]
Event: 24.796 Thread 0x000000001caea800 Exception <a 'java/lang/ClassNotFoundException': org/gradle/api/internal/DefaultNamedDomainObjectListBeanInfo> (0x00000000d938c388) thrown at [C:\src\AOSP-openjdk-git\hotspot\src\share\vm\classfile\systemDictionary.cpp, line 210]
Event: 24.798 Thread 0x000000001caea800 Exception <a 'java/lang/ClassNotFoundException': org/gradle/api/internal/DefaultNamedDomainObjectCollectionBeanInfo> (0x00000000d93c1eb8) thrown at [C:\src\AOSP-openjdk-git\hotspot\src\share\vm\classfile\systemDictionary.cpp, line 210]
Event: 24.800 Thread 0x000000001caea800 Exception <a 'java/lang/ClassNotFoundException': org/gradle/api/internal/DefaultDomainObjectCollectionBeanInfo> (0x00000000d93f62f8) thrown at [C:\src\AOSP-openjdk-git\hotspot\src\share\vm\classfile\systemDictionary.cpp, line 210]
Event: 24.801 Thread 0x000000001caea800 Exception <a 'java/lang/ClassNotFoundException': org/gradle/api/internal/DefaultDomainObjectCollectionCustomizer> (0x00000000d942b400) thrown at [C:\src\AOSP-openjdk-git\hotspot\src\share\vm\classfile\systemDictionary.cpp, line 210]
Event: 24.805 Thread 0x000000001caea800 Exception <a 'java/lang/ClassNotFoundException': org/gradle/api/internal/DefaultNamedDomainObjectCollectionCustomizer> (0x00000000d9489748) thrown at [C:\src\AOSP-openjdk-git\hotspot\src\share\vm\classfile\systemDictionary.cpp, line 210]
Event: 24.815 Thread 0x000000001caea800 Exception <a 'java/lang/ClassNotFoundException': org/gradle/api/internal/DefaultNamedDomainObjectListCustomizer> (0x00000000d94f87e0) thrown at [C:\src\AOSP-openjdk-git\hotspot\src\share\vm\classfile\systemDictionary.cpp, line 210]
Event: 24.826 Thread 0x000000001caea800 Exception <a 'java/lang/ClassNotFoundException': org/gradle/api/internal/artifacts/DefaultArtifactRepositoryContainerCustomizer> (0x00000000d956cac0) thrown at [C:\src\AOSP-openjdk-git\hotspot\src\share\vm\classfile\systemDictionary.cpp, line 210]
Event: 24.830 Thread 0x000000001caea800 Exception <a 'java/lang/ClassNotFoundException': org/gradle/api/internal/artifacts/dsl/DefaultRepositoryHandlerCustomizer> (0x00000000d95d1e40) thrown at [C:\src\AOSP-openjdk-git\hotspot\src\share\vm\classfile\systemDictionary.cpp, line 210]
Event: 24.857 Thread 0x000000001caea800 Exception <a 'java/lang/ClassNotFoundException': org/gradle/api/internal/artifacts/dsl/DefaultRepositoryHandler_DecoratedCustomizer> (0x00000000d9655e18) thrown at [C:\src\AOSP-openjdk-git\hotspot\src\share\vm\classfile\systemDictionary.cpp, line 210]

Events (10 events):
Event: 25.464 loading class org/gradle/api/internal/artifacts/ivyservice/modulecache/PersistentModuleMetadataCache$RevisionKeySerializer
Event: 25.464 loading class org/gradle/api/internal/artifacts/ivyservice/modulecache/PersistentModuleMetadataCache$RevisionKeySerializer done
Event: 25.465 loading class org/gradle/api/internal/artifacts/ivyservice/modulecache/ModuleMetadataCacheEntrySerializer
Event: 25.465 loading class org/gradle/api/internal/artifacts/ivyservice/modulecache/ModuleMetadataCacheEntrySerializer done
Event: 25.467 loading class org/gradle/api/internal/artifacts/ivyservice/modulecache/ModuleMetadataCacheEntry
Event: 25.467 loading class org/gradle/api/internal/artifacts/ivyservice/modulecache/ModuleMetadataCacheEntry done
Event: 25.467 loading class org/gradle/api/internal/artifacts/ivyservice/modulecache/MissingModuleCacheEntry
Event: 25.467 loading class org/gradle/api/internal/artifacts/ivyservice/modulecache/MissingModuleCacheEntry done
Event: 25.468 loading class org/gradle/api/internal/artifacts/DependencyManagementGradleUserHomeScopeServices$1
Event: 25.468 loading class org/gradle/api/internal/artifacts/DependencyManagementGradleUserHomeScopeServices$1 done


Dynamic libraries:
0x00007ff6c14b0000 - 0x00007ff6c14e1000 	E:\Android\Android Studio\jre\bin\java.exe
0x00007ffaf3610000 - 0x00007ffaf37f0000 	C:\Windows\SYSTEM32\ntdll.dll
0x00007ffaf3010000 - 0x00007ffaf30be000 	C:\Windows\System32\KERNEL32.DLL
0x00007ffaf0270000 - 0x00007ffaf04d6000 	C:\Windows\System32\KERNELBASE.dll
0x00007ffaf2f60000 - 0x00007ffaf3001000 	C:\Windows\System32\ADVAPI32.dll
0x00007ffaf21b0000 - 0x00007ffaf224d000 	C:\Windows\System32\msvcrt.dll
0x00007ffaf22b0000 - 0x00007ffaf230b000 	C:\Windows\System32\sechost.dll
0x00007ffaf2b70000 - 0x00007ffaf2c8f000 	C:\Windows\System32\RPCRT4.dll
0x00007ffaf27e0000 - 0x00007ffaf296e000 	C:\Windows\System32\USER32.dll
0x00007ffaf0250000 - 0x00007ffaf0270000 	C:\Windows\System32\win32u.dll
0x00007ffaf2750000 - 0x00007ffaf2778000 	C:\Windows\System32\GDI32.dll
0x00007ffaf08e0000 - 0x00007ffaf0a74000 	C:\Windows\System32\gdi32full.dll
0x00007ffaf01b0000 - 0x00007ffaf024b000 	C:\Windows\System32\msvcp_win.dll
0x00007ffaf0590000 - 0x00007ffaf0686000 	C:\Windows\System32\ucrtbase.dll
0x00007ffae21f0000 - 0x00007ffae2459000 	C:\Windows\WinSxS\amd64_microsoft.windows.common-controls_6595b64144ccf1df_6.0.16299.19_none_cc92fab02215da61\COMCTL32.dll
0x00007ffaf2310000 - 0x00007ffaf2618000 	C:\Windows\System32\combase.dll
0x00007ffaf0860000 - 0x00007ffaf08d2000 	C:\Windows\System32\bcryptPrimitives.dll
0x00007ffaf2720000 - 0x00007ffaf274d000 	C:\Windows\System32\IMM32.DLL
0x00007ffaee5a0000 - 0x00007ffaee5d6000 	C:\Windows\system32\DriverStore\FileRepository\nvlti.inf_amd64_83a389b28f4c421e\nvinitx.dll
0x00007ffaee570000 - 0x00007ffaee57a000 	C:\Windows\SYSTEM32\VERSION.dll
0x00007ffaf0b60000 - 0x00007ffaf1f97000 	C:\Windows\System32\Shell32.dll
0x00007ffaf0160000 - 0x00007ffaf01aa000 	C:\Windows\System32\cfgmgr32.dll
0x00007ffaf2970000 - 0x00007ffaf2a16000 	C:\Windows\System32\shcore.dll
0x00007ffaefa10000 - 0x00007ffaf0157000 	C:\Windows\System32\windows.storage.dll
0x00007ffaf2780000 - 0x00007ffaf27d1000 	C:\Windows\System32\shlwapi.dll
0x00007ffaef9d0000 - 0x00007ffaef9e1000 	C:\Windows\System32\kernel.appcore.dll
0x00007ffaef980000 - 0x00007ffaef9cc000 	C:\Windows\System32\powrprof.dll
0x00007ffaef960000 - 0x00007ffaef97b000 	C:\Windows\System32\profapi.dll
0x000000006d2a0000 - 0x000000006d2a6000 	C:\Program Files\NVIDIA Corporation\CoProcManager\_etoured.dll
0x00007ffae66a0000 - 0x00007ffae66e3000 	C:\Program Files\NVIDIA Corporation\CoProcManager\nvd3d9wrapx.dll
0x00007ffaf3120000 - 0x00007ffaf356e000 	C:\Windows\System32\SETUPAPI.dll
0x00007ffae6670000 - 0x00007ffae669d000 	C:\Program Files\NVIDIA Corporation\CoProcManager\nvdxgiwrapx.dll
0x000000006a040000 - 0x000000006a112000 	E:\Android\Android Studio\jre\jre\bin\msvcr100.dll
0x000000006a120000 - 0x000000006a96b000 	E:\Android\Android Studio\jre\jre\bin\server\jvm.dll
0x00007ffaf2e40000 - 0x00007ffaf2e48000 	C:\Windows\System32\PSAPI.DLL
0x00007ffadee60000 - 0x00007ffadee69000 	C:\Windows\SYSTEM32\WSOCK32.dll
0x00007ffaf3570000 - 0x00007ffaf35dc000 	C:\Windows\System32\WS2_32.dll
0x00007ffae90a0000 - 0x00007ffae90c3000 	C:\Windows\SYSTEM32\WINMM.dll
0x00007ffae9040000 - 0x00007ffae906a000 	C:\Windows\SYSTEM32\WINMMBASE.dll
0x00007ffaebec0000 - 0x00007ffaebecf000 	E:\Android\Android Studio\jre\jre\bin\verify.dll
0x00007ffaeae30000 - 0x00007ffaeae59000 	E:\Android\Android Studio\jre\jre\bin\java.dll
0x00007ffaeaef0000 - 0x00007ffaeaf06000 	E:\Android\Android Studio\jre\jre\bin\zip.dll
0x00007ffaead90000 - 0x00007ffaeadaa000 	E:\Android\Android Studio\jre\jre\bin\net.dll
0x00007ffaeeea0000 - 0x00007ffaeef06000 	C:\Windows\system32\mswsock.dll
0x00007ffaeacd0000 - 0x00007ffaeace3000 	E:\Android\Android Studio\jre\jre\bin\nio.dll
0x00007ffadc6a0000 - 0x00007ffadc6c7000 	C:\Users\Administrator\.gradle\native\f6784746aeab05261644944871eae4fe03e0ef1612fff0a4a95f87b438bc6780\windows-amd64\native-platform.dll
0x00007ffaebeb0000 - 0x00007ffaebebd000 	E:\Android\Android Studio\jre\jre\bin\management.dll
0x00007ffaef500000 - 0x00007ffaef517000 	C:\Windows\SYSTEM32\CRYPTSP.dll
0x00007ffaeeab0000 - 0x00007ffaeeae3000 	C:\Windows\system32\rsaenh.dll
0x00007ffaef300000 - 0x00007ffaef325000 	C:\Windows\SYSTEM32\bcrypt.dll
0x00007ffaef860000 - 0x00007ffaef889000 	C:\Windows\SYSTEM32\USERENV.dll
0x00007ffaef060000 - 0x00007ffaef06b000 	C:\Windows\SYSTEM32\CRYPTBASE.dll
0x00007ffaeec30000 - 0x00007ffaeec69000 	C:\Windows\SYSTEM32\IPHLPAPI.DLL
0x00007ffaf2640000 - 0x00007ffaf2648000 	C:\Windows\System32\NSI.dll
0x00007ffae9280000 - 0x00007ffae9296000 	C:\Windows\SYSTEM32\dhcpcsvc6.DLL
0x00007ffae9260000 - 0x00007ffae927a000 	C:\Windows\SYSTEM32\dhcpcsvc.DLL
0x00007ffae92a0000 - 0x00007ffae92ab000 	C:\Windows\SYSTEM32\WINNSI.DLL

VM Arguments:
jvm_args: -Xmx2048m -Dfile.encoding=UTF-8 -Duser.country=CN -Duser.language=zh -Duser.variant 
java_command: org.gradle.launcher.daemon.bootstrap.GradleDaemon 6.5
java_class_path (initial): C:\Users\Administrator\.gradle\wrapper\dists\gradle-6.5-all\2oz4ud9k3tuxjg84bbf55q0tn\gradle-6.5\lib\gradle-launcher-6.5.jar
Launcher Type: SUN_STANDARD

Environment Variables:
JAVA_HOME=D:\J2SE\JDK
PATH=D:\app\Orcl_DB\product\11.2.0\dbhome_1\bin;C:\Windows\system32;C:\Windows;C:\Windows\System32\Wbem;C:\Windows\System32\WindowsPowerShell\v1.0\;C:\Program Files (x86)\Intel\OpenCL SDK\2.0\bin\x86;C:\Program Files (x86)\Intel\OpenCL SDK\2.0\bin\x64;C:\Program Files\Microsoft SQL Server\120\Tools\Binn\;E:\Go\bin;E:\MacType;E:\cmder;C:\;rogram Files\TortoiseGit\bin;C:\Program Files\MySQL\MySQL Server 5.5\bin;D:\J2SE\JDK\bin;U:\apache-tomcat-8.0.1\bin;E:\Yarn;D:\MinGW\bin;E:\nodejs\;C:\Program Files\Git\cmd;E:\OpenVPN\bin;C:\Users\Administrator\.dnx\bin;D:\Python\Scripts\;D:\Python27\;C:\Users\Administrator\AppData\Local\Microsoft\WindowsApps;C:\Users\Administrator\go\bin;F:\WebStorm 2019.2\bin;C:\Users\Administrator\AppData\Local\Pandoc\;C:\Users\Administrator\AppData\Local\BypassRuntm;C:\Users\Administrator\AppData\Roaming\npm;E:\Microsoft VS Code\bin;
USERNAME=Alen
OS=Windows_NT
PROCESSOR_IDENTIFIER=Intel64 Family 6 Model 42 Stepping 7, GenuineIntel



---------------  S Y S T E M  ---------------

OS: Windows 10.0 , 64 bit Build 16299 (10.0.16299.15)

CPU:total 4 (initial active 4) (2 cores per cpu, 2 threads per core) family 6 model 42 stepping 7, cmov, cx8, fxsr, mmx, sse, sse2, sse3, ssse3, sse4.1, sse4.2, popcnt, avx, aes, clmul, ht, tsc, tscinvbit

Memory: 4k page, physical 8331116k(316012k free), swap 15703828k(4204k free)

vm_info: OpenJDK 64-Bit Server VM (25.242-b01) for windows-amd64 JRE (1.8.0_242-release-1644-b01), built by "builder" with MS VC++ 10.0 (VS2010)

time: Sun Apr 11 19:55:26 2021
timezone: 中国标准时间
elapsed time: 25 seconds (0d 0h 0m 25s)

